<?xml version="1.0" encoding="UTF-8"?>
<!-- Generated by org.testng.reporters.JUnitXMLReporter -->
<testsuite ignored="4" hostname="Youseef_Dieaa" failures="1" tests="12" name="MyTest" time="16.838" errors="0" timestamp="2025-06-21T18:09:41 EEST">
  <testcase classname="LetCode.LetCodeTest" name="testLetCodeEditPage" time="0.562"/>
  <testcase classname="LetCode.LetCodeButtonTest" name="testLetCodeButton" time="0.213"/>
  <testcase classname="LetCode.LetCodeButtonTest" name="testLocationButton" time="0.04"/>
  <testcase classname="LetCode.LetCodeButtonTest" name="testColor" time="0.027"/>
  <testcase classname="LetCode.LetCodeButtonTest" name="testHeightWidthButton" time="0.039"/>
  <testcase classname="LetCode.LetCodeButtonTest" name="testDisabledButton" time="0.033"/>
  <testcase classname="LetCode.LetCodeButtonTest" name="testHoldButton" time="5.214">
    <failure type="org.openqa.selenium.StaleElementReferenceException" message="stale element reference: stale element not found in the current frame
  (Session info: chrome=137.0.7151.104)
For documentation on this error, please visit: https://selenium.dev/exceptions/#stale_element_reference
Build info: version: &amp;apos;4.0.0&amp;apos;, revision: &amp;apos;3a21814679&amp;apos;
System info: host: &amp;apos;YOUSEEF_DIEAA&amp;apos;, ip: &amp;apos;192.168.100.10&amp;apos;, os.name: &amp;apos;Windows 11&amp;apos;, os.arch: &amp;apos;amd64&amp;apos;, os.version: &amp;apos;10.0&amp;apos;, java.version: &amp;apos;21.0.1&amp;apos;
Driver info: org.openqa.selenium.chrome.ChromeDriver
Command: [20776dfa8cfcb03bc879ab8681795569, getElementText {id=f.6549CC12086B44CFD06917A53067D0D3.d.6A04E3F07D027EF8A702046B73DD156C.e.132}]
Capabilities {acceptInsecureCerts: false, browserName: chrome, browserVersion: 137.0.7151.104, chrome: {chromedriverVersion: 137.0.7151.119 (e0ac9d12dff..., userDataDir: C:\Users\YOUSSE~1\AppData\L...}, fedcm:accounts: true, goog:chromeOptions: {debuggerAddress: localhost:50772}, javascriptEnabled: true, networkConnectionEnabled: false, pageLoadStrategy: normal, platform: WINDOWS, platformName: WINDOWS, proxy: Proxy(), se:cdp: ws://localhost:50772/devtoo..., se:cdpVersion: 137.0.7151.104, setWindowRect: true, strictFileInteractability: false, timeouts: {implicit: 0, pageLoad: 300000, script: 30000}, unhandledPromptBehavior: dismiss and notify, webauthn:extension:credBlob: true, webauthn:extension:largeBlob: true, webauthn:extension:minPinLength: true, webauthn:extension:prf: true, webauthn:virtualAuthenticators: true}
Element: [[ChromeDriver: chrome on WINDOWS (20776dfa8cfcb03bc879ab8681795569)] -&amp;gt; xpath: //*[@id=&amp;quot;isDisabled&amp;quot;]/div/h2]
Session ID: 20776dfa8cfcb03bc879ab8681795569">
      <![CDATA[org.openqa.selenium.StaleElementReferenceException: stale element reference: stale element not found in the current frame
  (Session info: chrome=137.0.7151.104)
For documentation on this error, please visit: https://selenium.dev/exceptions/#stale_element_reference
Build info: version: '4.0.0', revision: '3a21814679'
System info: host: 'YOUSEEF_DIEAA', ip: '192.168.100.10', os.name: 'Windows 11', os.arch: 'amd64', os.version: '10.0', java.version: '21.0.1'
Driver info: org.openqa.selenium.chrome.ChromeDriver
Command: [20776dfa8cfcb03bc879ab8681795569, getElementText {id=f.6549CC12086B44CFD06917A53067D0D3.d.6A04E3F07D027EF8A702046B73DD156C.e.132}]
Capabilities {acceptInsecureCerts: false, browserName: chrome, browserVersion: 137.0.7151.104, chrome: {chromedriverVersion: 137.0.7151.119 (e0ac9d12dff..., userDataDir: C:\Users\YOUSSE~1\AppData\L...}, fedcm:accounts: true, goog:chromeOptions: {debuggerAddress: localhost:50772}, javascriptEnabled: true, networkConnectionEnabled: false, pageLoadStrategy: normal, platform: WINDOWS, platformName: WINDOWS, proxy: Proxy(), se:cdp: ws://localhost:50772/devtoo..., se:cdpVersion: 137.0.7151.104, setWindowRect: true, strictFileInteractability: false, timeouts: {implicit: 0, pageLoad: 300000, script: 30000}, unhandledPromptBehavior: dismiss and notify, webauthn:extension:credBlob: true, webauthn:extension:largeBlob: true, webauthn:extension:minPinLength: true, webauthn:extension:prf: true, webauthn:virtualAuthenticators: true}
Element: [[ChromeDriver: chrome on WINDOWS (20776dfa8cfcb03bc879ab8681795569)] -> xpath: //*[@id="isDisabled"]/div/h2]
Session ID: 20776dfa8cfcb03bc879ab8681795569
at org.openqa.selenium.remote.codec.w3c.W3CHttpResponseCodec.createException(W3CHttpResponseCodec.java:200)
at org.openqa.selenium.remote.codec.w3c.W3CHttpResponseCodec.decode(W3CHttpResponseCodec.java:133)
at org.openqa.selenium.remote.codec.w3c.W3CHttpResponseCodec.decode(W3CHttpResponseCodec.java:53)
at org.openqa.selenium.remote.HttpCommandExecutor.execute(HttpCommandExecutor.java:184)
at org.openqa.selenium.remote.service.DriverCommandExecutor.invokeExecute(DriverCommandExecutor.java:164)
at org.openqa.selenium.remote.service.DriverCommandExecutor.execute(DriverCommandExecutor.java:139)
at org.openqa.selenium.remote.RemoteWebDriver.execute(RemoteWebDriver.java:559)
at org.openqa.selenium.remote.RemoteWebElement.execute(RemoteWebElement.java:251)
at org.openqa.selenium.remote.RemoteWebElement.getText(RemoteWebElement.java:201)
at LetCodeActions.LetCodeActions.actionHoldData(LetCodeActions.java:63)
at LetCode.LetCodeButtonTest.testHoldButton(LetCodeButtonTest.java:63)
at java.base/java.util.ArrayList.forEach(ArrayList.java:1596)
at runneer.main(runneer.java:7)
... Removed 25 stack frames]]>
    </failure>
  </testcase> <!-- testHoldButton -->
  <testcase classname="LetCode.LetCodeDropDownsTest" name="testLetCodeDropDowns" time="0.252"/>
  <testcase classname="LetCode.LetCodeAlertTest" name="TestConfirmAlert" time="0.076"/>
  <testcase classname="LetCode.LetCodeAlertTest" name="TestPromptAlert" time="0.118"/>
  <testcase classname="LetCode.LetCodeAlertTest" name="TestModernAlert" time="0.183"/>
  <testcase classname="LetCode.LetCodeAlertTest" name="assertAll" time="0.0"/>
  <testcase classname="LetCode.Driver" name="@AfterSuite tearDown" time="0.0">
    <ignored/>
  </testcase> <!-- @AfterSuite tearDown -->
  <testcase classname="LetCode.Driver" name="@AfterSuite tearDown" time="0.0">
    <ignored/>
  </testcase> <!-- @AfterSuite tearDown -->
  <testcase classname="LetCode.Driver" name="@AfterSuite tearDown" time="0.0">
    <ignored/>
  </testcase> <!-- @AfterSuite tearDown -->
  <testcase classname="LetCode.Driver" name="@BeforeSuite setUp" time="0.0">
    <ignored/>
  </testcase> <!-- @BeforeSuite setUp -->
</testsuite> <!-- MyTest -->
